#-----------------------------------------------------------
# Vivado v2018.2 (64-bit)
# SW Build 2258646 on Thu Jun 14 20:03:12 MDT 2018
# IP Build 2256618 on Thu Jun 14 22:10:49 MDT 2018
# Start of session at: Sun Jun 11 22:50:48 2023
# Process ID: 26796
# Current directory: C:/Users/User/Documents/Downloads/NanoProcessor_VHDL
# Command line: vivado.exe -gui_launcher_event rodinguilauncherevent15872 C:\Users\User\Documents\Downloads\NanoProcessor_VHDL\Nano_processor.xpr
# Log file: C:/Users/User/Documents/Downloads/NanoProcessor_VHDL/vivado.log
# Journal file: C:/Users/User/Documents/Downloads/NanoProcessor_VHDL\vivado.jou
#-----------------------------------------------------------
start_gui
open_project C:/Users/User/Documents/Downloads/NanoProcessor_VHDL/Nano_processor.xpr
INFO: [Project 1-313] Project file moved from 'D:/sem 2/Computer Organization and Degital Design/Nano_processor' since last save.
Scanning sources...
Finished scanning sources
INFO: [IP_Flow 19-234] Refreshing IP repositories
INFO: [IP_Flow 19-1704] No user IP repositories specified
INFO: [IP_Flow 19-2313] Loaded Vivado IP repository 'D:/Vivado/2018.2/data/ip'.
open_project: Time (s): cpu = 00:00:12 ; elapsed = 00:00:15 . Memory (MB): peak = 774.633 ; gain = 85.312
update_compile_order -fileset sources_1
